#
# A fatal error has been detected by the Java Runtime Environment:
#
#  Internal Error (javaClasses.cpp:124), pid=3040, tid=2448
#  fatal error: Invalid layout of preloaded class
#
# JRE version:  (8.0_11-b12) (build )
# Java VM: Java HotSpot(TM) Client VM (25.11-b03 mixed mode windows-x86 )
# Failed to write core dump. Minidumps are not enabled by default on client versions of Windows
#
# If you would like to submit a bug report, please visit:
#   http://bugreport.sun.com/bugreport/crash.jsp
#

---------------  T H R E A D  ---------------

Current thread (0x0030c000):  JavaThread "Unknown thread" [_thread_in_vm, id=2448, stack(0x00de0000,0x00e30000)]

Stack: [0x00de0000,0x00e30000],  sp=0x00e2f4f4,  free space=317k
Native frames: (J=compiled Java code, j=interpreted, Vv=VM code, C=native code)
V  [jvm.dll+0x19231b]
V  [jvm.dll+0x18b3f6]
V  [jvm.dll+0x3ae6a]
V  [jvm.dll+0x3b020]
V  [jvm.dll+0x49d23]
V  [jvm.dll+0x9c39e]
V  [jvm.dll+0x9c662]
V  [jvm.dll+0x140b01]
V  [jvm.dll+0x164898]
V  [jvm.dll+0xd8d11]
C  [javaw.exe+0x13ce]
C  [javaw.exe+0x1e85]
C  [javaw.exe+0xab91]
C  [javaw.exe+0xac1b]
C  [kernel32.dll+0x13677]
C  [ntdll.dll+0x39d72]
C  [ntdll.dll+0x39d45]


---------------  P R O C E S S  ---------------

Java Threads: ( => current thread )

Other Threads:

=>0x0030c000 (exited) JavaThread "Unknown thread" [_thread_in_vm, id=2448, stack(0x00de0000,0x00e30000)]

VM state:not at safepoint (not fully initialized)

VM Mutex/Monitor currently owned by a thread: None

GC Heap History (0 events):
No events

Deoptimization events (0 events):
No events

Internal exceptions (0 events):
No events

Events (10 events):
Event: 0.043 loading class java/lang/CharSequence done
Event: 0.044 loading class java/lang/String done
Event: 0.044 loading class java/lang/Class
Event: 0.044 loading class java/lang/reflect/AnnotatedElement
Event: 0.044 loading class java/lang/reflect/AnnotatedElement done
Event: 0.044 loading class java/lang/reflect/GenericDeclaration
Event: 0.044 loading class java/lang/reflect/GenericDeclaration done
Event: 0.044 loading class java/lang/reflect/Type
Event: 0.045 loading class java/lang/reflect/Type done
Event: 0.045 loading class java/lang/Class done


Dynamic libraries:
0x012c0000 - 0x012f0000 	C:\Program Files (x86)\Java\jre8\bin\javaw.exe
0x770c0000 - 0x77240000 	C:\Windows\SysWOW64\ntdll.dll
0x76ab0000 - 0x76bb0000 	C:\Windows\syswow64\kernel32.dll
0x75d00000 - 0x75d46000 	C:\Windows\syswow64\KERNELBASE.dll
0x766f0000 - 0x76790000 	C:\Windows\syswow64\ADVAPI32.dll
0x74d30000 - 0x74ddc000 	C:\Windows\syswow64\msvcrt.dll
0x75f00000 - 0x75f19000 	C:\Windows\SysWOW64\sechost.dll
0x76530000 - 0x76620000 	C:\Windows\syswow64\RPCRT4.dll
0x74c30000 - 0x74c90000 	C:\Windows\syswow64\SspiCli.dll
0x74c20000 - 0x74c2c000 	C:\Windows\syswow64\CRYPTBASE.dll
0x76bb0000 - 0x76cb0000 	C:\Windows\syswow64\USER32.dll
0x76790000 - 0x76820000 	C:\Windows\syswow64\GDI32.dll
0x76cb0000 - 0x76cba000 	C:\Windows\syswow64\LPK.dll
0x76820000 - 0x768bd000 	C:\Windows\syswow64\USP10.dll
0x71100000 - 0x7129e000 	C:\Windows\WinSxS\x86_microsoft.windows.common-controls_6595b64144ccf1df_6.0.7600.16385_none_421189da2b7fabfc\COMCTL32.dll
0x76a50000 - 0x76aa7000 	C:\Windows\syswow64\SHLWAPI.dll
0x76690000 - 0x766f0000 	C:\Windows\system32\IMM32.DLL
0x74f60000 - 0x7502c000 	C:\Windows\syswow64\MSCTF.dll
0x71b30000 - 0x71bef000 	C:\Program Files (x86)\Java\jre8\bin\msvcr100.dll
0x70220000 - 0x705b7000 	C:\Program Files (x86)\Java\jre8\bin\client\jvm.dll
0x70010000 - 0x70017000 	C:\Windows\system32\WSOCK32.dll
0x76650000 - 0x76685000 	C:\Windows\syswow64\WS2_32.dll
0x75f20000 - 0x75f26000 	C:\Windows\syswow64\NSI.dll
0x73af0000 - 0x73b22000 	C:\Windows\system32\WINMM.dll
0x74d20000 - 0x74d25000 	C:\Windows\syswow64\PSAPI.DLL
0x6ff40000 - 0x6ff4c000 	C:\Program Files (x86)\Java\jre8\bin\verify.dll
0x6ff10000 - 0x6ff31000 	C:\Program Files (x86)\Java\jre8\bin\java.dll
0x6fef0000 - 0x6ff03000 	C:\Program Files (x86)\Java\jre8\bin\zip.dll
0x72840000 - 0x7292b000 	C:\Windows\system32\dbghelp.dll

VM Arguments:
jvm_args: -Dfile.encoding=Cp1252 -Xbootclasspath:H:\Software\Android\adt-bundle-windows-x86-20131030\sdk\platforms\android-19\android.jar 
java_command: sun.rmi.server.Activation
java_class_path (initial): C:\Users\Gokul\workspace\assignadd\bin\classes;C:\Users\Gokul\workspace\assignadd\libs\android-support-v4.jar
Launcher Type: SUN_STANDARD

Environment Variables:
JAVA_HOME=C:\Program Files (x86)\Java\jdk1.8.0_11
CLASSPATH=C:\Program Files (x86)\Java\jdk1.8.0_11\lib\tools.jar;
PATH=C:/Program Files/Java/jre1.8.0_111/bin/server;C:/Program Files/Java/jre1.8.0_111/bin;C:/Program Files/Java/jre1.8.0_111/lib/amd64;C:\ProgramData\Oracle\Java\javapath;C:\Windows\system32;C:\Windows;C:\Windows\System32\Wbem;C:\Windows\System32\WindowsPowerShell\v1.0\;c:\Program Files (x86)\Microsoft SQL Server\100\Tools\Binn\;c:\Program Files (x86)\Microsoft SQL Server\100\DTS\Binn\;c:\Program Files (x86)\Microsoft SQL Server\100\Tools\Binn\VSShell\Common7\IDE\;C:\Program Files\Microsoft\Web Platform Installer\;C:\Program Files (x86)\Microsoft ASP.NET\ASP.NET Web Pages\v1.0\;C:\Program Files (x86)\Windows Kits\8.0\Windows Performance Toolkit\;C:\Program Files\Microsoft SQL Server\110\Tools\Binn\;C:\Windows\IsmFiles;C:\Program Files (x86)\Java\jdk1.8.0_11\BIN;.;;H:\Software\Android\adt-bundle-windows-x86_64\adt-bundle-windows-x86_64-20131030\eclipse;
USERNAME=Gokul
OS=Windows_NT
PROCESSOR_IDENTIFIER=Intel64 Family 6 Model 42 Stepping 7, GenuineIntel



---------------  S Y S T E M  ---------------

OS: Windows 7 , 64 bit Build 7600 

CPU:total 4 (2 cores per cpu, 2 threads per core) family 6 model 42 stepping 7, cmov, cx8, fxsr, mmx, sse, sse2, sse3, ssse3, sse4.1, sse4.2, popcnt, clmul, ht, tsc, tscinvbit

Memory: 4k page, physical 6193280k(3411232k free), swap 12384664k(9299724k free)

vm_info: Java HotSpot(TM) Client VM (25.11-b03) for windows-x86 JRE (1.8.0_11-b12), built on Jun 16 2014 18:18:58 by "java_re" with MS VC++ 10.0 (VS2010)

time: Mon May 22 09:23:46 2017
elapsed time: 0 seconds

